<?xml version="1.0" encoding="UTF-8"?>
<!-- Generated by org.testng.reporters.JUnitXMLReporter -->
<testsuite ignored="0" hostname="DESKTOP-JER1GPA" failures="0" tests="2" name="Error Validations Test" time="22.115" errors="0" timestamp="2024-10-19T15:45:14 IST">
  <testcase classname="swethapanchumarthy.Tests.ErrorValidations" name="loginErrorValidation" time="1.539"/>
  <testcase classname="swethapanchumarthy.Tests.ErrorValidations" name="productErrorValidation" time="7.725"/>
</testsuite> <!-- Error Validations Test -->
