<?xml version="1.0" encoding="UTF-8"?>
<!-- Generated by org.testng.reporters.JUnitXMLReporter -->
<testsuite ignored="0" hostname="DESKTOP-JER1GPA" failures="0" tests="2" name="Submit Order Test" time="22.496" errors="0" timestamp="2024-10-19T15:45:14 IST">
  <testcase classname="swethapanchumarthy.Tests.SubmitOrderTest" name="submitOrder" time="10.117"/>
  <testcase classname="swethapanchumarthy.Tests.SubmitOrderTest" name="OrderHistoryTest" time="1.375"/>
</testsuite> <!-- Submit Order Test -->
